==10470== Memcheck, a memory error detector
==10470== Copyright (C) 2002-2013, and GNU GPL'd, by Julian Seward et al.
==10470== Using Valgrind-3.10.0.SVN and LibVEX; rerun with -h for copyright info
==10470== Command: ./mysql
==10470== Parent PID: 2809
==10470== 
==10470== 
==10470== HEAP SUMMARY:
==10470==     in use at exit: 73,944 bytes in 21 blocks
==10470==   total heap usage: 116 allocs, 95 frees, 156,605 bytes allocated
==10470== 
==10470== LEAK SUMMARY:
==10470==    definitely lost: 0 bytes in 0 blocks
==10470==    indirectly lost: 0 bytes in 0 blocks
==10470==      possibly lost: 0 bytes in 0 blocks
==10470==    still reachable: 73,944 bytes in 21 blocks
==10470==         suppressed: 0 bytes in 0 blocks
==10470== Reachable blocks (those to which a pointer was found) are not shown.
==10470== To see them, rerun with: --leak-check=full --show-leak-kinds=all
==10470== 
==10470== For counts of detected and suppressed errors, rerun with: -v
==10470== ERROR SUMMARY: 0 errors from 0 contexts (suppressed: 0 from 0)
